[0.505s] Invoking command in '/home/vboxuser/ros2_ws/build/my_py_pkg': DEBUGINFOD_URLS=https://debuginfod.ubuntu.com PYTHONPATH=/home/vboxuser/ros2_ws/build/my_py_pkg/prefix_override:/usr/lib/python3/dist-packages/colcon_core/task/python/colcon_distutils_commands:/home/vboxuser/ros2_ws/install/my_py_pkg/lib/python3.12/site-packages:${PYTHONPATH} /usr/bin/python3 -W ignore:setup.py install is deprecated -W ignore:easy_install command is deprecated setup.py develop --editable --build-directory /home/vboxuser/ros2_ws/build/my_py_pkg/build --no-deps symlink_data
[0.719s] running develop
[0.844s] running egg_info
[0.851s] writing my_py_pkg.egg-info/PKG-INFO
[0.852s] writing dependency_links to my_py_pkg.egg-info/dependency_links.txt
[0.852s] writing entry points to my_py_pkg.egg-info/entry_points.txt
[0.852s] writing requirements to my_py_pkg.egg-info/requires.txt
[0.852s] writing top-level names to my_py_pkg.egg-info/top_level.txt
[0.875s] reading manifest file 'my_py_pkg.egg-info/SOURCES.txt'
[0.876s] writing manifest file 'my_py_pkg.egg-info/SOURCES.txt'
[0.888s] running build_ext
[0.888s] Creating /home/vboxuser/ros2_ws/install/my_py_pkg/lib/python3.12/site-packages/my-py-pkg.egg-link (link to .)
[0.888s] Installing add_two_ints_server script to /home/vboxuser/ros2_ws/install/my_py_pkg/lib/my_py_pkg
[0.888s] Installing py_node script to /home/vboxuser/ros2_ws/install/my_py_pkg/lib/my_py_pkg
[0.889s] Installing robot_news_station script to /home/vboxuser/ros2_ws/install/my_py_pkg/lib/my_py_pkg
[0.889s] Installing smartphone script to /home/vboxuser/ros2_ws/install/my_py_pkg/lib/my_py_pkg
[0.889s] 
[0.889s] Installed /home/vboxuser/ros2_ws/build/my_py_pkg
[0.889s] running symlink_data
[0.907s] Invoked command in '/home/vboxuser/ros2_ws/build/my_py_pkg' returned '0': DEBUGINFOD_URLS=https://debuginfod.ubuntu.com PYTHONPATH=/home/vboxuser/ros2_ws/build/my_py_pkg/prefix_override:/usr/lib/python3/dist-packages/colcon_core/task/python/colcon_distutils_commands:/home/vboxuser/ros2_ws/install/my_py_pkg/lib/python3.12/site-packages:${PYTHONPATH} /usr/bin/python3 -W ignore:setup.py install is deprecated -W ignore:easy_install command is deprecated setup.py develop --editable --build-directory /home/vboxuser/ros2_ws/build/my_py_pkg/build --no-deps symlink_data
