[0.563s] Invoking command in '/home/vboxuser/ros2_ws/build/my_py_pkg': DEBUGINFOD_URLS=https://debuginfod.ubuntu.com PYTHONPATH=/home/vboxuser/ros2_ws/build/my_py_pkg/prefix_override:/usr/lib/python3/dist-packages/colcon_core/task/python/colcon_distutils_commands:/home/vboxuser/ros2_ws/install/my_py_pkg/lib/python3.12/site-packages:/home/vboxuser/ros2_ws/install/my_robot_interfaces/lib/python3.12/site-packages:/home/vboxuser/ros2_ws/build/my_py_pkg:/home/vboxuser/ros2_ws/install/my_py_pkg/lib/python3.12/site-packages:/opt/ros/jazzy/lib/python3.12/site-packages /usr/bin/python3 -W ignore:setup.py install is deprecated -W ignore:easy_install command is deprecated setup.py develop --editable --build-directory /home/vboxuser/ros2_ws/build/my_py_pkg/build --no-deps symlink_data
[0.786s] running develop
[0.921s] running egg_info
[0.933s] writing my_py_pkg.egg-info/PKG-INFO
[0.934s] writing dependency_links to my_py_pkg.egg-info/dependency_links.txt
[0.934s] writing entry points to my_py_pkg.egg-info/entry_points.txt
[0.934s] writing requirements to my_py_pkg.egg-info/requires.txt
[0.934s] writing top-level names to my_py_pkg.egg-info/top_level.txt
[0.960s] reading manifest file 'my_py_pkg.egg-info/SOURCES.txt'
[0.961s] writing manifest file 'my_py_pkg.egg-info/SOURCES.txt'
[0.975s] running build_ext
[0.975s] Creating /home/vboxuser/ros2_ws/install/my_py_pkg/lib/python3.12/site-packages/my-py-pkg.egg-link (link to .)
[0.976s] Installing add_two_ints_client script to /home/vboxuser/ros2_ws/install/my_py_pkg/lib/my_py_pkg
[0.976s] Installing add_two_ints_server script to /home/vboxuser/ros2_ws/install/my_py_pkg/lib/my_py_pkg
[0.976s] Installing battery script to /home/vboxuser/ros2_ws/install/my_py_pkg/lib/my_py_pkg
[0.976s] Installing hardware_status_publisher script to /home/vboxuser/ros2_ws/install/my_py_pkg/lib/my_py_pkg
[0.977s] Installing led_panel script to /home/vboxuser/ros2_ws/install/my_py_pkg/lib/my_py_pkg
[0.977s] Installing py_node script to /home/vboxuser/ros2_ws/install/my_py_pkg/lib/my_py_pkg
[0.977s] Installing robot_news_station script to /home/vboxuser/ros2_ws/install/my_py_pkg/lib/my_py_pkg
[0.977s] Installing smartphone script to /home/vboxuser/ros2_ws/install/my_py_pkg/lib/my_py_pkg
[0.977s] 
[0.977s] Installed /home/vboxuser/ros2_ws/build/my_py_pkg
[0.978s] running symlink_data
[0.999s] Invoked command in '/home/vboxuser/ros2_ws/build/my_py_pkg' returned '0': DEBUGINFOD_URLS=https://debuginfod.ubuntu.com PYTHONPATH=/home/vboxuser/ros2_ws/build/my_py_pkg/prefix_override:/usr/lib/python3/dist-packages/colcon_core/task/python/colcon_distutils_commands:/home/vboxuser/ros2_ws/install/my_py_pkg/lib/python3.12/site-packages:/home/vboxuser/ros2_ws/install/my_robot_interfaces/lib/python3.12/site-packages:/home/vboxuser/ros2_ws/build/my_py_pkg:/home/vboxuser/ros2_ws/install/my_py_pkg/lib/python3.12/site-packages:/opt/ros/jazzy/lib/python3.12/site-packages /usr/bin/python3 -W ignore:setup.py install is deprecated -W ignore:easy_install command is deprecated setup.py develop --editable --build-directory /home/vboxuser/ros2_ws/build/my_py_pkg/build --no-deps symlink_data
