[0.677s] Invoking command in '/home/vboxuser/ros2_ws/build/my_py_pkg': DEBUGINFOD_URLS=https://debuginfod.ubuntu.com PYTHONPATH=/home/vboxuser/ros2_ws/build/my_py_pkg/prefix_override:/usr/lib/python3/dist-packages/colcon_core/task/python/colcon_distutils_commands:/home/vboxuser/ros2_ws/install/my_py_pkg/lib/python3.12/site-packages:${PYTHONPATH} /usr/bin/python3 -W ignore:setup.py install is deprecated -W ignore:easy_install command is deprecated setup.py develop --uninstall --editable --build-directory /home/vboxuser/ros2_ws/build/my_py_pkg/build
[0.875s] running develop
[1.002s] Removing /home/vboxuser/ros2_ws/install/my_py_pkg/lib/python3.12/site-packages/my-py-pkg.egg-link (link to .)
[1.020s] Invoked command in '/home/vboxuser/ros2_ws/build/my_py_pkg' returned '0': DEBUGINFOD_URLS=https://debuginfod.ubuntu.com PYTHONPATH=/home/vboxuser/ros2_ws/build/my_py_pkg/prefix_override:/usr/lib/python3/dist-packages/colcon_core/task/python/colcon_distutils_commands:/home/vboxuser/ros2_ws/install/my_py_pkg/lib/python3.12/site-packages:${PYTHONPATH} /usr/bin/python3 -W ignore:setup.py install is deprecated -W ignore:easy_install command is deprecated setup.py develop --uninstall --editable --build-directory /home/vboxuser/ros2_ws/build/my_py_pkg/build
[1.021s] Invoking command in '/home/vboxuser/ros2_ws/src/my_py_pkg': DEBUGINFOD_URLS=https://debuginfod.ubuntu.com PYTHONPATH=/home/vboxuser/ros2_ws/build/my_py_pkg/prefix_override:/usr/lib/python3/dist-packages/colcon_core/task/python/colcon_distutils_commands:/home/vboxuser/ros2_ws/install/my_py_pkg/lib/python3.12/site-packages:${PYTHONPATH} /usr/bin/python3 -W ignore:setup.py install is deprecated -W ignore:easy_install command is deprecated setup.py egg_info --egg-base ../../build/my_py_pkg build --build-base /home/vboxuser/ros2_ws/build/my_py_pkg/build install --record /home/vboxuser/ros2_ws/build/my_py_pkg/install.log --single-version-externally-managed install_data --force
[1.193s] running egg_info
[1.204s] writing ../../build/my_py_pkg/my_py_pkg.egg-info/PKG-INFO
[1.204s] writing dependency_links to ../../build/my_py_pkg/my_py_pkg.egg-info/dependency_links.txt
[1.205s] writing entry points to ../../build/my_py_pkg/my_py_pkg.egg-info/entry_points.txt
[1.205s] writing requirements to ../../build/my_py_pkg/my_py_pkg.egg-info/requires.txt
[1.205s] writing top-level names to ../../build/my_py_pkg/my_py_pkg.egg-info/top_level.txt
[1.229s] reading manifest file '../../build/my_py_pkg/my_py_pkg.egg-info/SOURCES.txt'
[1.231s] writing manifest file '../../build/my_py_pkg/my_py_pkg.egg-info/SOURCES.txt'
[1.231s] running build
[1.231s] running build_py
[1.231s] copying my_py_pkg/my_first_node.py -> /home/vboxuser/ros2_ws/build/my_py_pkg/build/lib/my_py_pkg
[1.231s] copying my_py_pkg/add_two_ints_server.py -> /home/vboxuser/ros2_ws/build/my_py_pkg/build/lib/my_py_pkg
[1.232s] copying my_py_pkg/robot_news_station.py -> /home/vboxuser/ros2_ws/build/my_py_pkg/build/lib/my_py_pkg
[1.232s] copying my_py_pkg/add_two_ints_client.py -> /home/vboxuser/ros2_ws/build/my_py_pkg/build/lib/my_py_pkg
[1.232s] copying my_py_pkg/smartphone.py -> /home/vboxuser/ros2_ws/build/my_py_pkg/build/lib/my_py_pkg
[1.232s] copying my_py_pkg/template.py -> /home/vboxuser/ros2_ws/build/my_py_pkg/build/lib/my_py_pkg
[1.232s] copying my_py_pkg/hardware_status_publisher.py -> /home/vboxuser/ros2_ws/build/my_py_pkg/build/lib/my_py_pkg
[1.232s] running install
[1.236s] running install_lib
[1.250s] creating /home/vboxuser/ros2_ws/install/my_py_pkg/lib/python3.12/site-packages/my_py_pkg
[1.251s] copying /home/vboxuser/ros2_ws/build/my_py_pkg/build/lib/my_py_pkg/my_first_node.py -> /home/vboxuser/ros2_ws/install/my_py_pkg/lib/python3.12/site-packages/my_py_pkg
[1.251s] copying /home/vboxuser/ros2_ws/build/my_py_pkg/build/lib/my_py_pkg/add_two_ints_server.py -> /home/vboxuser/ros2_ws/install/my_py_pkg/lib/python3.12/site-packages/my_py_pkg
[1.251s] copying /home/vboxuser/ros2_ws/build/my_py_pkg/build/lib/my_py_pkg/__init__.py -> /home/vboxuser/ros2_ws/install/my_py_pkg/lib/python3.12/site-packages/my_py_pkg
[1.251s] copying /home/vboxuser/ros2_ws/build/my_py_pkg/build/lib/my_py_pkg/robot_news_station.py -> /home/vboxuser/ros2_ws/install/my_py_pkg/lib/python3.12/site-packages/my_py_pkg
[1.251s] copying /home/vboxuser/ros2_ws/build/my_py_pkg/build/lib/my_py_pkg/add_two_ints_client.py -> /home/vboxuser/ros2_ws/install/my_py_pkg/lib/python3.12/site-packages/my_py_pkg
[1.251s] copying /home/vboxuser/ros2_ws/build/my_py_pkg/build/lib/my_py_pkg/smartphone.py -> /home/vboxuser/ros2_ws/install/my_py_pkg/lib/python3.12/site-packages/my_py_pkg
[1.251s] copying /home/vboxuser/ros2_ws/build/my_py_pkg/build/lib/my_py_pkg/template.py -> /home/vboxuser/ros2_ws/install/my_py_pkg/lib/python3.12/site-packages/my_py_pkg
[1.251s] copying /home/vboxuser/ros2_ws/build/my_py_pkg/build/lib/my_py_pkg/hardware_status_publisher.py -> /home/vboxuser/ros2_ws/install/my_py_pkg/lib/python3.12/site-packages/my_py_pkg
[1.252s] byte-compiling /home/vboxuser/ros2_ws/install/my_py_pkg/lib/python3.12/site-packages/my_py_pkg/my_first_node.py to my_first_node.cpython-312.pyc
[1.252s] byte-compiling /home/vboxuser/ros2_ws/install/my_py_pkg/lib/python3.12/site-packages/my_py_pkg/add_two_ints_server.py to add_two_ints_server.cpython-312.pyc
[1.252s] byte-compiling /home/vboxuser/ros2_ws/install/my_py_pkg/lib/python3.12/site-packages/my_py_pkg/__init__.py to __init__.cpython-312.pyc
[1.253s] byte-compiling /home/vboxuser/ros2_ws/install/my_py_pkg/lib/python3.12/site-packages/my_py_pkg/robot_news_station.py to robot_news_station.cpython-312.pyc
[1.253s] byte-compiling /home/vboxuser/ros2_ws/install/my_py_pkg/lib/python3.12/site-packages/my_py_pkg/add_two_ints_client.py to add_two_ints_client.cpython-312.pyc
[1.253s] byte-compiling /home/vboxuser/ros2_ws/install/my_py_pkg/lib/python3.12/site-packages/my_py_pkg/smartphone.py to smartphone.cpython-312.pyc
[1.254s] byte-compiling /home/vboxuser/ros2_ws/install/my_py_pkg/lib/python3.12/site-packages/my_py_pkg/template.py to template.cpython-312.pyc
[1.254s] byte-compiling /home/vboxuser/ros2_ws/install/my_py_pkg/lib/python3.12/site-packages/my_py_pkg/hardware_status_publisher.py to hardware_status_publisher.cpython-312.pyc
[1.254s] running install_data
[1.254s] copying resource/my_py_pkg -> /home/vboxuser/ros2_ws/install/my_py_pkg/share/ament_index/resource_index/packages
[1.254s] copying package.xml -> /home/vboxuser/ros2_ws/install/my_py_pkg/share/my_py_pkg
[1.254s] running install_egg_info
[1.270s] Copying ../../build/my_py_pkg/my_py_pkg.egg-info to /home/vboxuser/ros2_ws/install/my_py_pkg/lib/python3.12/site-packages/my_py_pkg-0.0.0-py3.12.egg-info
[1.271s] running install_scripts
[1.378s] Installing add_two_ints_client script to /home/vboxuser/ros2_ws/install/my_py_pkg/lib/my_py_pkg
[1.378s] Installing add_two_ints_server script to /home/vboxuser/ros2_ws/install/my_py_pkg/lib/my_py_pkg
[1.384s] Installing hardware_status_publisher script to /home/vboxuser/ros2_ws/install/my_py_pkg/lib/my_py_pkg
[1.384s] Installing py_node script to /home/vboxuser/ros2_ws/install/my_py_pkg/lib/my_py_pkg
[1.384s] Installing robot_news_station script to /home/vboxuser/ros2_ws/install/my_py_pkg/lib/my_py_pkg
[1.384s] Installing smartphone script to /home/vboxuser/ros2_ws/install/my_py_pkg/lib/my_py_pkg
[1.384s] writing list of installed files to '/home/vboxuser/ros2_ws/build/my_py_pkg/install.log'
[1.402s] Invoked command in '/home/vboxuser/ros2_ws/src/my_py_pkg' returned '0': DEBUGINFOD_URLS=https://debuginfod.ubuntu.com PYTHONPATH=/home/vboxuser/ros2_ws/build/my_py_pkg/prefix_override:/usr/lib/python3/dist-packages/colcon_core/task/python/colcon_distutils_commands:/home/vboxuser/ros2_ws/install/my_py_pkg/lib/python3.12/site-packages:${PYTHONPATH} /usr/bin/python3 -W ignore:setup.py install is deprecated -W ignore:easy_install command is deprecated setup.py egg_info --egg-base ../../build/my_py_pkg build --build-base /home/vboxuser/ros2_ws/build/my_py_pkg/build install --record /home/vboxuser/ros2_ws/build/my_py_pkg/install.log --single-version-externally-managed install_data --force
