[0.813s] Invoking command in '/home/vboxuser/ros2_ws/src/my_py_pkg': DEBUGINFOD_URLS=https://debuginfod.ubuntu.com PYTHONPATH=/home/vboxuser/ros2_ws/build/my_py_pkg/prefix_override:/usr/lib/python3/dist-packages/colcon_core/task/python/colcon_distutils_commands:/home/vboxuser/ros2_ws/install/my_py_pkg/lib/python3.12/site-packages:${PYTHONPATH} /usr/bin/python3 -W ignore:setup.py install is deprecated -W ignore:easy_install command is deprecated setup.py egg_info --egg-base ../../build/my_py_pkg build --build-base /home/vboxuser/ros2_ws/build/my_py_pkg/build install --record /home/vboxuser/ros2_ws/build/my_py_pkg/install.log --single-version-externally-managed install_data
[1.008s] running egg_info
[1.008s] creating ../../build/my_py_pkg/my_py_pkg.egg-info
[1.022s] writing ../../build/my_py_pkg/my_py_pkg.egg-info/PKG-INFO
[1.023s] writing dependency_links to ../../build/my_py_pkg/my_py_pkg.egg-info/dependency_links.txt
[1.023s] writing requirements to ../../build/my_py_pkg/my_py_pkg.egg-info/requires.txt
[1.023s] writing top-level names to ../../build/my_py_pkg/my_py_pkg.egg-info/top_level.txt
[1.023s] writing manifest file '../../build/my_py_pkg/my_py_pkg.egg-info/SOURCES.txt'
[1.052s] reading manifest file '../../build/my_py_pkg/my_py_pkg.egg-info/SOURCES.txt'
[1.053s] writing manifest file '../../build/my_py_pkg/my_py_pkg.egg-info/SOURCES.txt'
[1.053s] running build
[1.053s] running build_py
[1.053s] creating /home/vboxuser/ros2_ws/build/my_py_pkg/build
[1.053s] creating /home/vboxuser/ros2_ws/build/my_py_pkg/build/lib
[1.053s] creating /home/vboxuser/ros2_ws/build/my_py_pkg/build/lib/my_py_pkg
[1.053s] copying my_py_pkg/__init__.py -> /home/vboxuser/ros2_ws/build/my_py_pkg/build/lib/my_py_pkg
[1.053s] running install
[1.058s] running install_lib
[1.071s] creating /home/vboxuser/ros2_ws/install/my_py_pkg/lib/python3.12/site-packages/my_py_pkg
[1.071s] copying /home/vboxuser/ros2_ws/build/my_py_pkg/build/lib/my_py_pkg/__init__.py -> /home/vboxuser/ros2_ws/install/my_py_pkg/lib/python3.12/site-packages/my_py_pkg
[1.072s] byte-compiling /home/vboxuser/ros2_ws/install/my_py_pkg/lib/python3.12/site-packages/my_py_pkg/__init__.py to __init__.cpython-312.pyc
[1.072s] running install_data
[1.072s] creating /home/vboxuser/ros2_ws/install/my_py_pkg/share/ament_index
[1.072s] creating /home/vboxuser/ros2_ws/install/my_py_pkg/share/ament_index/resource_index
[1.072s] creating /home/vboxuser/ros2_ws/install/my_py_pkg/share/ament_index/resource_index/packages
[1.072s] copying resource/my_py_pkg -> /home/vboxuser/ros2_ws/install/my_py_pkg/share/ament_index/resource_index/packages
[1.072s] copying package.xml -> /home/vboxuser/ros2_ws/install/my_py_pkg/share/my_py_pkg
[1.072s] running install_egg_info
[1.087s] Copying ../../build/my_py_pkg/my_py_pkg.egg-info to /home/vboxuser/ros2_ws/install/my_py_pkg/lib/python3.12/site-packages/my_py_pkg-0.0.0-py3.12.egg-info
[1.087s] running install_scripts
[1.194s] writing list of installed files to '/home/vboxuser/ros2_ws/build/my_py_pkg/install.log'
[1.217s] Invoked command in '/home/vboxuser/ros2_ws/src/my_py_pkg' returned '0': DEBUGINFOD_URLS=https://debuginfod.ubuntu.com PYTHONPATH=/home/vboxuser/ros2_ws/build/my_py_pkg/prefix_override:/usr/lib/python3/dist-packages/colcon_core/task/python/colcon_distutils_commands:/home/vboxuser/ros2_ws/install/my_py_pkg/lib/python3.12/site-packages:${PYTHONPATH} /usr/bin/python3 -W ignore:setup.py install is deprecated -W ignore:easy_install command is deprecated setup.py egg_info --egg-base ../../build/my_py_pkg build --build-base /home/vboxuser/ros2_ws/build/my_py_pkg/build install --record /home/vboxuser/ros2_ws/build/my_py_pkg/install.log --single-version-externally-managed install_data
