[0.776s] Invoking command in '/home/vboxuser/ros2_ws/src/build/my_py_pkg': DEBUGINFOD_URLS=https://debuginfod.ubuntu.com PYTHONPATH=/home/vboxuser/ros2_ws/src/build/my_py_pkg/prefix_override:/usr/lib/python3/dist-packages/colcon_core/task/python/colcon_distutils_commands:/home/vboxuser/ros2_ws/src/install/my_py_pkg/lib/python3.12/site-packages:${PYTHONPATH} /usr/bin/python3 -W ignore:setup.py install is deprecated -W ignore:easy_install command is deprecated setup.py develop --editable --build-directory /home/vboxuser/ros2_ws/src/build/my_py_pkg/build --no-deps symlink_data
[0.992s] running develop
[1.113s] running egg_info
[1.114s] creating my_py_pkg.egg-info
[1.125s] writing my_py_pkg.egg-info/PKG-INFO
[1.125s] writing dependency_links to my_py_pkg.egg-info/dependency_links.txt
[1.125s] writing entry points to my_py_pkg.egg-info/entry_points.txt
[1.125s] writing requirements to my_py_pkg.egg-info/requires.txt
[1.125s] writing top-level names to my_py_pkg.egg-info/top_level.txt
[1.125s] writing manifest file 'my_py_pkg.egg-info/SOURCES.txt'
[1.148s] reading manifest file 'my_py_pkg.egg-info/SOURCES.txt'
[1.148s] writing manifest file 'my_py_pkg.egg-info/SOURCES.txt'
[1.160s] running build_ext
[1.160s] Creating /home/vboxuser/ros2_ws/src/install/my_py_pkg/lib/python3.12/site-packages/my-py-pkg.egg-link (link to .)
[1.160s] Installing add_two_ints_server script to /home/vboxuser/ros2_ws/src/install/my_py_pkg/lib/my_py_pkg
[1.160s] Installing py_node script to /home/vboxuser/ros2_ws/src/install/my_py_pkg/lib/my_py_pkg
[1.161s] Installing robot_news_station script to /home/vboxuser/ros2_ws/src/install/my_py_pkg/lib/my_py_pkg
[1.161s] Installing smartphone script to /home/vboxuser/ros2_ws/src/install/my_py_pkg/lib/my_py_pkg
[1.161s] 
[1.161s] Installed /home/vboxuser/ros2_ws/src/build/my_py_pkg
[1.161s] running symlink_data
[1.161s] creating /home/vboxuser/ros2_ws/src/install/my_py_pkg/share/ament_index
[1.161s] creating /home/vboxuser/ros2_ws/src/install/my_py_pkg/share/ament_index/resource_index
[1.161s] creating /home/vboxuser/ros2_ws/src/install/my_py_pkg/share/ament_index/resource_index/packages
[1.161s] symbolically linking /home/vboxuser/ros2_ws/src/build/my_py_pkg/resource/my_py_pkg -> /home/vboxuser/ros2_ws/src/install/my_py_pkg/share/ament_index/resource_index/packages
[1.161s] symbolically linking /home/vboxuser/ros2_ws/src/build/my_py_pkg/package.xml -> /home/vboxuser/ros2_ws/src/install/my_py_pkg/share/my_py_pkg
[1.178s] Invoked command in '/home/vboxuser/ros2_ws/src/build/my_py_pkg' returned '0': DEBUGINFOD_URLS=https://debuginfod.ubuntu.com PYTHONPATH=/home/vboxuser/ros2_ws/src/build/my_py_pkg/prefix_override:/usr/lib/python3/dist-packages/colcon_core/task/python/colcon_distutils_commands:/home/vboxuser/ros2_ws/src/install/my_py_pkg/lib/python3.12/site-packages:${PYTHONPATH} /usr/bin/python3 -W ignore:setup.py install is deprecated -W ignore:easy_install command is deprecated setup.py develop --editable --build-directory /home/vboxuser/ros2_ws/src/build/my_py_pkg/build --no-deps symlink_data
