[0.010s] Invoking command in '/home/vboxuser/ros2_ws/build/my_cpp_pkg': CMAKE_PREFIX_PATH=${CMAKE_PREFIX_PATH}:/home/vboxuser/ros2_ws/install/my_py_pkg:/opt/ros/jazzy DEBUGINFOD_URLS=https://debuginfod.ubuntu.com /usr/bin/cmake --build /home/vboxuser/ros2_ws/build/my_cpp_pkg -- -j8 -l8
[0.054s] [ 50%] [32mBuilding CXX object CMakeFiles/cpp_node.dir/src/my_first_node.cpp.o[0m
[2.036s] [100%] [32m[1mLinking CXX executable cpp_node[0m
[2.125s] [100%] Built target cpp_node
[2.132s] Invoked command in '/home/vboxuser/ros2_ws/build/my_cpp_pkg' returned '0': CMAKE_PREFIX_PATH=${CMAKE_PREFIX_PATH}:/home/vboxuser/ros2_ws/install/my_py_pkg:/opt/ros/jazzy DEBUGINFOD_URLS=https://debuginfod.ubuntu.com /usr/bin/cmake --build /home/vboxuser/ros2_ws/build/my_cpp_pkg -- -j8 -l8
[2.139s] Invoking command in '/home/vboxuser/ros2_ws/build/my_cpp_pkg': CMAKE_PREFIX_PATH=${CMAKE_PREFIX_PATH}:/home/vboxuser/ros2_ws/install/my_py_pkg:/opt/ros/jazzy DEBUGINFOD_URLS=https://debuginfod.ubuntu.com /usr/bin/cmake --install /home/vboxuser/ros2_ws/build/my_cpp_pkg
[2.145s] -- Install configuration: ""
[2.146s] -- Installing: /home/vboxuser/ros2_ws/install/my_cpp_pkg/lib/my_cpp_pkg/cpp_node
[2.146s] -- Set non-toolchain portion of runtime path of "/home/vboxuser/ros2_ws/install/my_cpp_pkg/lib/my_cpp_pkg/cpp_node" to ""
[2.146s] -- Up-to-date: /home/vboxuser/ros2_ws/install/my_cpp_pkg/share/ament_index/resource_index/package_run_dependencies/my_cpp_pkg
[2.146s] -- Up-to-date: /home/vboxuser/ros2_ws/install/my_cpp_pkg/share/ament_index/resource_index/parent_prefix_path/my_cpp_pkg
[2.146s] -- Up-to-date: /home/vboxuser/ros2_ws/install/my_cpp_pkg/share/my_cpp_pkg/environment/ament_prefix_path.sh
[2.146s] -- Up-to-date: /home/vboxuser/ros2_ws/install/my_cpp_pkg/share/my_cpp_pkg/environment/ament_prefix_path.dsv
[2.146s] -- Up-to-date: /home/vboxuser/ros2_ws/install/my_cpp_pkg/share/my_cpp_pkg/environment/path.sh
[2.146s] -- Up-to-date: /home/vboxuser/ros2_ws/install/my_cpp_pkg/share/my_cpp_pkg/environment/path.dsv
[2.146s] -- Up-to-date: /home/vboxuser/ros2_ws/install/my_cpp_pkg/share/my_cpp_pkg/local_setup.bash
[2.146s] -- Up-to-date: /home/vboxuser/ros2_ws/install/my_cpp_pkg/share/my_cpp_pkg/local_setup.sh
[2.146s] -- Up-to-date: /home/vboxuser/ros2_ws/install/my_cpp_pkg/share/my_cpp_pkg/local_setup.zsh
[2.146s] -- Up-to-date: /home/vboxuser/ros2_ws/install/my_cpp_pkg/share/my_cpp_pkg/local_setup.dsv
[2.147s] -- Installing: /home/vboxuser/ros2_ws/install/my_cpp_pkg/share/my_cpp_pkg/package.dsv
[2.147s] -- Up-to-date: /home/vboxuser/ros2_ws/install/my_cpp_pkg/share/ament_index/resource_index/packages/my_cpp_pkg
[2.147s] -- Up-to-date: /home/vboxuser/ros2_ws/install/my_cpp_pkg/share/my_cpp_pkg/cmake/my_cpp_pkgConfig.cmake
[2.147s] -- Up-to-date: /home/vboxuser/ros2_ws/install/my_cpp_pkg/share/my_cpp_pkg/cmake/my_cpp_pkgConfig-version.cmake
[2.147s] -- Up-to-date: /home/vboxuser/ros2_ws/install/my_cpp_pkg/share/my_cpp_pkg/package.xml
[2.148s] Invoked command in '/home/vboxuser/ros2_ws/build/my_cpp_pkg' returned '0': CMAKE_PREFIX_PATH=${CMAKE_PREFIX_PATH}:/home/vboxuser/ros2_ws/install/my_py_pkg:/opt/ros/jazzy DEBUGINFOD_URLS=https://debuginfod.ubuntu.com /usr/bin/cmake --install /home/vboxuser/ros2_ws/build/my_cpp_pkg
